<?xml version="1.0" encoding="UTF-8"?>
<!-- Generated by org.testng.reporters.JUnitXMLReporter -->
<testsuite hostname="dasha-Yoga-13" name="Command line test 27156e0a-3849-4d8b-b0fb-07c6df3274ec" tests="1" failures="0" timestamp="31 Oct 2015 17:48:23 GMT" time="0.034" errors="0">
  <testcase name="@BeforeClass setUpClass" time="0.0" classname="Tests.LoginTest">
    <failure type="java.lang.AssertionError" message="invalid driver name">
      <![CDATA[java.lang.AssertionError: invalid driver name
	at utils.WebDriverFactory.initDriver(WebDriverFactory.java:57)
	at Tests.Fixture.setUpClass(Fixture.java:19)
... Removed 29 stack frames]]>
    </failure>
  </testcase> <!-- @BeforeClass setUpClass -->
  <testcase name="@AfterClass tearDown" time="0.0" classname="Tests.LoginTest">
    <skipped/>
  </testcase> <!-- @AfterClass tearDown -->
  <testcase name="test1" time="0.001" classname="Tests.LoginTest">
    <skipped/>
  </testcase> <!-- test1 -->
</testsuite> <!-- Command line test 27156e0a-3849-4d8b-b0fb-07c6df3274ec -->
